2019-11-01 10:36:46,608 INFO basehttp 10084 10164 "GET /article/article-list/ HTTP/1.1" 200 19021
2019-11-01 10:36:46,785 INFO basehttp 10084 10164 "GET /static/bootstrap/css/bootstrap.min.css HTTP/1.1" 304 0
2019-11-01 10:36:46,788 INFO basehttp 10084 12648 "GET /static/css/all.css HTTP/1.1" 304 0
2019-11-01 10:36:46,808 INFO basehttp 10084 12352 "GET /static/css/style.css HTTP/1.1" 200 13301
2019-11-01 10:36:46,830 INFO basehttp 10084 10996 "GET /static/css/monokai.css HTTP/1.1" 304 0
2019-11-01 10:36:46,848 INFO basehttp 10084 10164 "GET /static/js/jquery-3.4.1.js HTTP/1.1" 304 0
2019-11-01 10:36:46,888 INFO basehttp 10084 12648 "GET /media/avatar/20191009/pic3_w3heRk6.jpg HTTP/1.1" 304 0
2019-11-01 10:36:46,888 INFO basehttp 10084 13940 "GET /static/css/simplemde.min.css HTTP/1.1" 304 0
2019-11-01 10:36:46,938 INFO basehttp 10084 12352 "GET /static/js/popper.min.js HTTP/1.1" 304 0
2019-11-01 10:36:46,940 INFO basehttp 10084 12648 "GET /static/js/simplemde.min.js HTTP/1.1" 304 0
2019-11-01 10:36:46,940 INFO basehttp 10084 10164 "GET /static/js/blog-js.js HTTP/1.1" 304 0
2019-11-01 10:36:46,948 INFO basehttp 10084 13940 "GET /static/bootstrap/js/bootstrap.min.js HTTP/1.1" 304 0
2019-11-01 10:36:47,098 INFO basehttp 10084 13940 "GET /static/img/home-bg-2.jpg HTTP/1.1" 304 0
2019-11-01 10:36:47,100 INFO basehttp 10084 12648 "GET /static/webfonts/Lato-Bold.woff HTTP/1.1" 304 0
2019-11-01 10:36:47,113 INFO basehttp 10084 10164 "GET /static/img/read_more_arrow.png HTTP/1.1" 304 0
2019-11-01 10:36:47,140 INFO basehttp 10084 12648 "GET /static/bootstrap/css/bootstrap.min.css.map HTTP/1.1" 304 0
2019-11-01 10:36:47,145 INFO basehttp 10084 13940 "GET /static/webfonts/Lato-Regular.woff HTTP/1.1" 304 0
2019-11-01 10:36:47,153 INFO basehttp 10084 10164 "GET /static/webfonts/fa-solid-900.woff2 HTTP/1.1" 304 0
2019-11-01 10:36:47,223 INFO basehttp 10084 12352 "GET /static/webfonts/fa-brands-400.woff2 HTTP/1.1" 304 0
2019-11-01 10:36:47,543 INFO basehttp 10084 12352 "GET /static/bootstrap/js/bootstrap.min.js.map HTTP/1.1" 304 0
2019-11-01 10:39:31,012 INFO basehttp 10084 12352 "GET /article/article-list/ HTTP/1.1" 200 19003
2019-11-01 10:39:31,432 INFO basehttp 10084 12352 "GET /static/css/style.css HTTP/1.1" 200 13257
2019-11-01 10:40:35,213 INFO basehttp 10084 12352 "GET /article/article-list/ HTTP/1.1" 200 19006
2019-11-01 10:40:35,403 INFO basehttp 10084 12352 "GET /static/css/style.css HTTP/1.1" 304 0
2019-11-01 10:43:02,586 INFO basehttp 10084 12352 "GET /article/article-list/ HTTP/1.1" 200 19006
2019-11-01 10:43:02,684 INFO basehttp 10084 12352 "GET /static/css/style.css HTTP/1.1" 200 13480
2019-11-01 10:43:56,432 INFO basehttp 10084 12352 "GET /article/article-list/ HTTP/1.1" 200 18991
2019-11-01 10:43:56,532 INFO basehttp 10084 12352 "GET /static/css/style.css HTTP/1.1" 304 0
2019-11-01 10:45:06,045 INFO basehttp 10084 12352 "GET /article/article-list/ HTTP/1.1" 200 18991
2019-11-01 10:45:06,127 INFO basehttp 10084 12352 "GET /static/css/style.css HTTP/1.1" 200 13479
2019-11-01 11:16:09,306 INFO basehttp 10084 13164 "GET /article/article-list/ HTTP/1.1" 200 18991
2019-11-01 11:16:09,409 INFO basehttp 10084 13164 "GET /static/css/style.css HTTP/1.1" 200 13553
2019-11-01 11:17:25,534 INFO basehttp 10084 13164 "GET /article/article-list/ HTTP/1.1" 200 18991
2019-11-01 11:17:25,671 INFO basehttp 10084 13164 "GET /static/css/style.css HTTP/1.1" 200 13551
2019-11-01 11:17:34,574 INFO basehttp 10084 13164 "GET /article/article-list/ HTTP/1.1" 200 18991
2019-11-01 11:17:34,659 INFO basehttp 10084 13164 "GET /static/css/style.css HTTP/1.1" 200 13553
2019-11-01 11:18:02,682 INFO basehttp 10084 13164 "GET /article/article-list/ HTTP/1.1" 200 18991
2019-11-01 11:18:02,742 INFO basehttp 10084 13164 "GET /static/css/style.css HTTP/1.1" 200 13553
2019-11-01 11:19:57,328 INFO basehttp 10084 13164 "GET /article/article-list/ HTTP/1.1" 200 18991
2019-11-01 11:19:57,449 INFO basehttp 10084 13164 "GET /static/css/style.css HTTP/1.1" 200 13553
2019-11-01 13:48:12,135 INFO basehttp 4524 5264 "GET /article/article-list/ HTTP/1.1" 200 18991
2019-11-01 13:48:12,230 INFO basehttp 4524 5264 "GET /static/bootstrap/css/bootstrap.min.css HTTP/1.1" 304 0
2019-11-01 13:48:12,242 INFO basehttp 4524 5348 "GET /static/css/all.css HTTP/1.1" 304 0
2019-11-01 13:48:12,265 INFO basehttp 4524 6240 "GET /static/css/style.css HTTP/1.1" 200 13764
2019-11-01 13:48:12,272 INFO basehttp 4524 6968 "GET /static/css/monokai.css HTTP/1.1" 304 0
2019-11-01 13:48:12,278 INFO basehttp 4524 5264 "GET /media/avatar/20191009/pic3_w3heRk6.jpg HTTP/1.1" 304 0
2019-11-01 13:48:12,293 INFO basehttp 4524 9960 "GET /static/css/simplemde.min.css HTTP/1.1" 304 0
2019-11-01 13:48:12,296 INFO basehttp 4524 12056 "GET /static/js/jquery-3.4.1.js HTTP/1.1" 304 0
2019-11-01 13:48:12,330 INFO basehttp 4524 12056 "GET /static/js/popper.min.js HTTP/1.1" 304 0
2019-11-01 13:48:12,334 INFO basehttp 4524 5264 "GET /static/js/simplemde.min.js HTTP/1.1" 304 0
2019-11-01 13:48:12,341 INFO basehttp 4524 9960 "GET /static/bootstrap/js/bootstrap.min.js HTTP/1.1" 304 0
2019-11-01 13:48:12,424 INFO basehttp 4524 6240 "GET /static/js/blog-js.js HTTP/1.1" 304 0
2019-11-01 13:48:12,489 INFO basehttp 4524 5264 "GET /static/img/read_more_arrow.png HTTP/1.1" 304 0
2019-11-01 13:48:12,490 INFO basehttp 4524 6240 "GET /static/img/home-bg-2.jpg HTTP/1.1" 304 0
2019-11-01 13:48:12,542 INFO basehttp 4524 12056 "GET /static/webfonts/fa-solid-900.woff2 HTTP/1.1" 304 0
2019-11-01 13:48:12,542 INFO basehttp 4524 9960 "GET /static/webfonts/Lato-Bold.woff HTTP/1.1" 304 0
2019-11-01 13:48:12,569 INFO basehttp 4524 6968 "GET /static/webfonts/Lato-Regular.woff HTTP/1.1" 304 0
2019-11-01 13:48:12,572 INFO basehttp 4524 5348 "GET /static/webfonts/fa-brands-400.woff2 HTTP/1.1" 304 0
2019-11-01 13:48:12,666 INFO basehttp 4524 5348 "GET /static/bootstrap/css/bootstrap.min.css.map HTTP/1.1" 304 0
2019-11-01 13:48:12,684 INFO basehttp 4524 6968 "GET /static/bootstrap/js/bootstrap.min.js.map HTTP/1.1" 304 0
2019-11-01 13:48:14,561 INFO basehttp 4524 6968 "GET /article/article-list/ HTTP/1.1" 200 18991
2019-11-01 13:48:14,623 INFO basehttp 4524 6968 "GET /static/css/style.css HTTP/1.1" 304 0
2019-11-01 14:27:51,688 INFO basehttp 4524 11156 "GET /article/article-list/ HTTP/1.1" 200 18991
2019-11-01 14:27:51,760 INFO basehttp 4524 11156 "GET /static/css/style.css HTTP/1.1" 200 13763
2019-11-01 14:43:15,557 INFO basehttp 4524 1984 "GET /article/article-list/ HTTP/1.1" 200 18991
2019-11-01 14:43:15,641 INFO basehttp 4524 1984 "GET /static/css/style.css HTTP/1.1" 200 13744
2019-11-01 14:44:15,443 INFO basehttp 4524 1984 "GET /article/article-list/ HTTP/1.1" 200 19463
2019-11-01 14:44:15,508 INFO basehttp 4524 1984 "GET /static/css/style.css HTTP/1.1" 304 0
2019-11-01 14:44:17,137 INFO basehttp 4524 1984 "GET /article/article-list/ HTTP/1.1" 200 19463
2019-11-01 14:46:53,401 INFO basehttp 4524 11104 "GET /article/article-list/ HTTP/1.1" 200 20499
2019-11-01 14:46:53,508 INFO basehttp 4524 11104 "GET /static/css/style.css HTTP/1.1" 304 0
2019-11-01 14:47:16,125 INFO basehttp 4524 11104 "GET /article/article-list/ HTTP/1.1" 200 20198
2019-11-01 14:47:16,181 INFO basehttp 4524 11104 "GET /static/css/style.css HTTP/1.1" 304 0
2019-11-01 14:49:44,482 INFO basehttp 4524 11104 "GET /article/article-list/ HTTP/1.1" 200 20198
2019-11-01 14:49:44,566 INFO basehttp 4524 11104 "GET /static/css/style.css HTTP/1.1" 200 13723
2019-11-01 14:51:26,169 INFO basehttp 4524 11104 "GET /article/article-list/ HTTP/1.1" 200 20352
2019-11-01 14:51:26,247 INFO basehttp 4524 11104 "GET /static/css/style.css HTTP/1.1" 304 0
2019-11-01 14:51:27,470 INFO basehttp 4524 11104 "GET /article/article-list/ HTTP/1.1" 200 20352
2019-11-01 14:52:45,842 INFO basehttp 4524 11104 "GET /article/article-list/ HTTP/1.1" 200 20485
2019-11-01 14:52:45,956 INFO basehttp 4524 11104 "GET /static/css/style.css HTTP/1.1" 304 0
2019-11-01 14:52:47,077 INFO basehttp 4524 11104 "GET /article/article-list/ HTTP/1.1" 200 20485
2019-11-01 15:02:34,428 INFO basehttp 4524 13756 "GET /article/article-list/ HTTP/1.1" 200 20485
2019-11-01 15:02:34,502 INFO basehttp 4524 13756 "GET /static/css/style.css HTTP/1.1" 200 13739
2019-11-01 15:03:28,223 INFO basehttp 4524 13756 "GET /article/article-list/ HTTP/1.1" 200 20485
2019-11-01 15:03:28,298 INFO basehttp 4524 13756 "GET /static/css/style.css HTTP/1.1" 200 13755
2019-11-01 15:03:29,809 INFO basehttp 4524 13756 "GET /article/article-list/ HTTP/1.1" 200 20485
2019-11-01 15:03:29,875 INFO basehttp 4524 13756 "GET /static/css/style.css HTTP/1.1" 304 0
2019-11-01 15:17:20,804 INFO basehttp 4524 7408 "GET /article/article-list/ HTTP/1.1" 200 20912
2019-11-01 15:17:20,876 INFO basehttp 4524 7408 "GET /static/css/style.css HTTP/1.1" 304 0
2019-11-01 15:17:52,174 INFO basehttp 4524 7408 "GET /article/article-list/ HTTP/1.1" 200 20912
2019-11-01 15:18:47,405 INFO basehttp 4524 7408 "GET /article/article-list/ HTTP/1.1" 200 20912
2019-11-01 15:18:47,463 INFO basehttp 4524 7408 "GET /static/css/style.css HTTP/1.1" 304 0
2019-11-01 15:24:04,543 INFO basehttp 4524 6984 "GET /article/article-list/ HTTP/1.1" 200 20912
2019-11-01 15:24:04,652 INFO basehttp 4524 6984 "GET /static/css/style.css HTTP/1.1" 200 13759
2019-11-01 15:24:58,132 INFO basehttp 4524 6984 "GET /article/article-list/ HTTP/1.1" 200 20947
2019-11-01 15:24:58,217 INFO basehttp 4524 6984 "GET /static/css/style.css HTTP/1.1" 304 0
2019-11-01 15:25:04,963 INFO basehttp 4524 6984 "GET /article/article-list/ HTTP/1.1" 200 20947
2019-11-01 15:25:05,054 INFO basehttp 4524 6984 "GET /static/css/style.css HTTP/1.1" 304 0
2019-11-01 15:25:23,559 INFO basehttp 4524 6984 "GET /article/article-list/ HTTP/1.1" 200 20968
2019-11-01 15:25:23,674 INFO basehttp 4524 6984 "GET /static/css/style.css HTTP/1.1" 304 0
2019-11-01 15:25:31,238 INFO basehttp 4524 6984 "GET /article/article-list/ HTTP/1.1" 200 20947
2019-11-01 15:25:31,292 INFO basehttp 4524 6984 "GET /static/css/style.css HTTP/1.1" 304 0
2019-11-01 15:26:47,913 INFO basehttp 4524 6984 "GET /article/article-list/ HTTP/1.1" 200 20947
2019-11-01 15:26:48,005 INFO basehttp 4524 6984 "GET /static/css/style.css HTTP/1.1" 200 13816
2019-11-01 15:28:50,431 INFO basehttp 4524 6984 "GET /article/article-list/ HTTP/1.1" 200 20947
2019-11-01 15:28:50,534 INFO basehttp 4524 6984 "GET /static/css/style.css HTTP/1.1" 200 13818
2019-11-01 15:29:17,642 INFO basehttp 4524 11460 "GET /article/article-list/ HTTP/1.1" 200 20947
2019-11-01 15:29:17,745 INFO basehttp 4524 11460 "GET /static/css/style.css HTTP/1.1" 200 13820
2019-11-01 15:52:52,786 INFO basehttp 4524 2288 "GET /article/article-list/ HTTP/1.1" 200 20947
2019-11-01 15:52:52,929 INFO basehttp 4524 10420 "GET /static/css/style.css HTTP/1.1" 200 13823
2019-11-01 15:53:03,400 INFO basehttp 4524 10420 "GET /article/article-list/ HTTP/1.1" 200 20947
2019-11-01 15:53:03,602 INFO basehttp 4524 10420 "GET /static/css/style.css HTTP/1.1" 304 0
2019-11-01 15:53:15,556 INFO basehttp 4524 10420 "GET /article/article-list/ HTTP/1.1" 200 20947
2019-11-01 15:53:15,774 INFO basehttp 4524 10420 "GET /static/css/style.css HTTP/1.1" 200 13824
2019-11-01 15:54:09,282 INFO basehttp 4524 10420 "GET /article/article-list/ HTTP/1.1" 200 20961
2019-11-01 15:54:09,455 INFO basehttp 4524 10420 "GET /static/css/style.css HTTP/1.1" 304 0
2019-11-01 15:54:52,871 INFO basehttp 4524 10420 "GET /article/article-list/ HTTP/1.1" 200 20961
2019-11-01 15:54:52,944 INFO basehttp 4524 10420 "GET /static/css/style.css HTTP/1.1" 200 13842
2019-11-01 15:56:05,418 INFO basehttp 4524 10420 "GET /article/article-list/ HTTP/1.1" 200 21143
2019-11-01 15:56:05,476 INFO basehttp 4524 10420 "GET /static/css/style.css HTTP/1.1" 304 0
2019-11-01 15:56:38,314 INFO basehttp 4524 10420 "GET /article/article-list/ HTTP/1.1" 200 21234
2019-11-01 15:56:38,393 INFO basehttp 4524 10420 "GET /static/css/style.css HTTP/1.1" 304 0
2019-11-01 15:57:26,450 INFO basehttp 4524 10420 "GET /article/article-list/ HTTP/1.1" 200 20639
2019-11-01 15:57:26,496 INFO basehttp 4524 10420 "GET /static/css/style.css HTTP/1.1" 304 0
2019-11-01 15:57:45,673 INFO basehttp 4524 10420 "GET /article/article-list/ HTTP/1.1" 200 20366
2019-11-01 15:57:45,750 INFO basehttp 4524 10420 "GET /static/css/style.css HTTP/1.1" 304 0
2019-11-01 15:58:36,424 INFO basehttp 4524 10420 "GET /article/article-list/ HTTP/1.1" 200 21528
2019-11-01 15:58:36,489 INFO basehttp 4524 10420 "GET /static/css/style.css HTTP/1.1" 304 0
2019-11-01 15:59:44,529 INFO basehttp 4524 10420 "GET /article/article-list/ HTTP/1.1" 200 21528
2019-11-01 15:59:44,607 INFO basehttp 4524 10420 "GET /static/css/style.css HTTP/1.1" 200 13777
2019-11-01 16:00:03,872 INFO basehttp 4524 10420 "GET /article/article-list/ HTTP/1.1" 200 21528
2019-11-01 16:00:03,971 INFO basehttp 4524 10420 "GET /static/css/style.css HTTP/1.1" 200 13842
2019-11-01 16:01:32,475 INFO basehttp 4524 10420 "GET /article/article-list/ HTTP/1.1" 200 21458
2019-11-01 16:01:32,569 INFO basehttp 4524 10420 "GET /static/css/style.css HTTP/1.1" 304 0
2019-11-01 16:03:51,868 INFO basehttp 4524 10420 "GET /article/article-list/ HTTP/1.1" 200 21549
2019-11-01 16:03:51,935 INFO basehttp 4524 10420 "GET /static/css/style.css HTTP/1.1" 304 0
2019-11-01 16:03:51,946 INFO basehttp 4524 9724 "GET /static/js/blog-js.js HTTP/1.1" 304 0
2019-11-01 16:04:51,214 INFO basehttp 4524 9724 "GET /article/article-list/ HTTP/1.1" 200 21619
2019-11-01 16:04:51,280 INFO basehttp 4524 9724 "GET /static/css/style.css HTTP/1.1" 304 0
2019-11-01 16:09:58,631 ERROR log 4524 11588 Internal Server Error: /article/article-list/
Traceback (most recent call last):
  File "C:\Users\120000337\Python\py_project\venv\lib\site-packages\django\core\handlers\exception.py", line 34, in inner
    response = get_response(request)
  File "C:\Users\120000337\Python\py_project\venv\lib\site-packages\django\core\handlers\base.py", line 145, in _get_response
    response = self.process_exception_by_middleware(e, request)
  File "C:\Users\120000337\Python\py_project\venv\lib\site-packages\django\core\handlers\base.py", line 143, in _get_response
    response = response.render()
  File "C:\Users\120000337\Python\py_project\venv\lib\site-packages\django\template\response.py", line 106, in render
    self.content = self.rendered_content
  File "C:\Users\120000337\Python\py_project\venv\lib\site-packages\django\template\response.py", line 81, in rendered_content
    template = self.resolve_template(self.template_name)
  File "C:\Users\120000337\Python\py_project\venv\lib\site-packages\django\template\response.py", line 63, in resolve_template
    return select_template(template, using=self.using)
  File "C:\Users\120000337\Python\py_project\venv\lib\site-packages\django\template\loader.py", line 42, in select_template
    return engine.get_template(template_name)
  File "C:\Users\120000337\Python\py_project\venv\lib\site-packages\django\template\backends\django.py", line 34, in get_template
    return Template(self.engine.get_template(template_name), self)
  File "C:\Users\120000337\Python\py_project\venv\lib\site-packages\django\template\engine.py", line 143, in get_template
    template, origin = self.find_template(template_name)
  File "C:\Users\120000337\Python\py_project\venv\lib\site-packages\django\template\engine.py", line 125, in find_template
    template = loader.get_template(name, skip=skip)
  File "C:\Users\120000337\Python\py_project\venv\lib\site-packages\django\template\loaders\base.py", line 30, in get_template
    contents, origin, origin.template_name, self.engine,
  File "C:\Users\120000337\Python\py_project\venv\lib\site-packages\django\template\base.py", line 156, in __init__
    self.nodelist = self.compile_nodelist()
  File "C:\Users\120000337\Python\py_project\venv\lib\site-packages\django\template\base.py", line 194, in compile_nodelist
    return parser.parse()
  File "C:\Users\120000337\Python\py_project\venv\lib\site-packages\django\template\base.py", line 478, in parse
    raise self.error(token, e)
  File "C:\Users\120000337\Python\py_project\venv\lib\site-packages\django\template\base.py", line 476, in parse
    compiled_result = compile_func(self, token)
  File "C:\Users\120000337\Python\py_project\venv\lib\site-packages\django\template\loader_tags.py", line 266, in do_extends
    nodelist = parser.parse()
  File "C:\Users\120000337\Python\py_project\venv\lib\site-packages\django\template\base.py", line 478, in parse
    raise self.error(token, e)
  File "C:\Users\120000337\Python\py_project\venv\lib\site-packages\django\template\base.py", line 476, in parse
    compiled_result = compile_func(self, token)
  File "C:\Users\120000337\Python\py_project\venv\lib\site-packages\django\template\loader_tags.py", line 209, in do_block
    nodelist = parser.parse(('endblock',))
  File "C:\Users\120000337\Python\py_project\venv\lib\site-packages\django\template\base.py", line 478, in parse
    raise self.error(token, e)
  File "C:\Users\120000337\Python\py_project\venv\lib\site-packages\django\template\base.py", line 476, in parse
    compiled_result = compile_func(self, token)
  File "C:\Users\120000337\Python\py_project\venv\lib\site-packages\django\template\defaulttags.py", line 811, in do_for
    nodelist_loop = parser.parse(('empty', 'endfor',))
  File "C:\Users\120000337\Python\py_project\venv\lib\site-packages\django\template\base.py", line 478, in parse
    raise self.error(token, e)
  File "C:\Users\120000337\Python\py_project\venv\lib\site-packages\django\template\base.py", line 476, in parse
    compiled_result = compile_func(self, token)
  File "C:\Users\120000337\Python\py_project\venv\lib\site-packages\django\template\defaulttags.py", line 966, in do_if
    nodelist = parser.parse(('endif',))
  File "C:\Users\120000337\Python\py_project\venv\lib\site-packages\django\template\base.py", line 449, in parse
    raise self.error(token, e)
  File "C:\Users\120000337\Python\py_project\venv\lib\site-packages\django\template\base.py", line 447, in parse
    filter_expression = self.compile_filter(token.contents)
  File "C:\Users\120000337\Python\py_project\venv\lib\site-packages\django\template\base.py", line 563, in compile_filter
    return FilterExpression(token, self)
  File "C:\Users\120000337\Python\py_project\venv\lib\site-packages\django\template\base.py", line 658, in __init__
    self.args_check(filter_name, filter_func, args)
  File "C:\Users\120000337\Python\py_project\venv\lib\site-packages\django\template\base.py", line 718, in args_check
    (name, alen - dlen, plen))
django.template.exceptions.TemplateSyntaxError: cut requires 2 arguments, 1 provided
2019-11-01 16:09:58,646 ERROR basehttp 4524 11588 "GET /article/article-list/ HTTP/1.1" 500 211873
2019-11-01 16:10:07,118 INFO basehttp 4524 11588 "GET /article/article-detail/2/ HTTP/1.1" 200 67186
2019-11-01 16:10:07,384 INFO basehttp 4524 11588 "GET /static/ckeditor/ckeditor/plugins/smiley/images/thumbs_up.png HTTP/1.1" 200 959
2019-11-01 16:10:07,429 INFO basehttp 4524 2284 "GET /static/ckeditor/ckeditor/plugins/smiley/images/sad_smile.png HTTP/1.1" 200 1115
2019-11-01 16:10:08,613 INFO basehttp 4524 2284 "GET /static/ckeditor/ckeditor/plugins/prism/plugin.js?t=J39A HTTP/1.1" 304 0
2019-11-01 16:10:08,787 INFO basehttp 4524 2284 "GET /static/ckeditor/ckeditor/plugins/prism/lib/prism/prism_patched.min.js HTTP/1.1" 304 0
2019-11-01 16:10:08,939 INFO basehttp 4524 2284 "GET /static/ckeditor/ckeditor/plugins/prism/lib/prism/prism_patched.min.css HTTP/1.1" 304 0
2019-11-01 16:10:37,608 INFO basehttp 4524 2284 "GET /article/article-list/ HTTP/1.1" 200 21507
2019-11-01 16:10:37,784 INFO basehttp 4524 2284 "GET /static/css/style.css HTTP/1.1" 304 0
2019-11-01 16:10:55,839 INFO basehttp 4524 2284 "GET /article/article-list/ HTTP/1.1" 200 21507
2019-11-01 16:11:52,398 INFO basehttp 4524 2284 "GET /article/article-list/ HTTP/1.1" 200 21806
2019-11-01 16:11:52,504 INFO basehttp 4524 2284 "GET /static/css/style.css HTTP/1.1" 304 0
2019-11-01 16:12:12,586 INFO basehttp 4524 2284 "GET /article/article-detail/1/ HTTP/1.1" 200 22880
2019-11-01 16:12:12,788 INFO basehttp 4524 2284 "GET /static/prism/prism.css HTTP/1.1" 304 0
2019-11-01 16:12:12,819 INFO basehttp 4524 11588 "GET /static/webfonts/fa-regular-400.woff2 HTTP/1.1" 304 0
2019-11-01 16:12:12,823 INFO basehttp 4524 2284 "GET /static/img/pagination.png HTTP/1.1" 304 0
2019-11-01 16:12:13,290 INFO basehttp 4524 2284 "GET /static/img/pic4.jpg HTTP/1.1" 304 0
2019-11-01 16:12:19,353 INFO basehttp 4524 2284 "GET /static/img/pagination_hover.png HTTP/1.1" 304 0
2019-11-01 16:12:19,867 INFO basehttp 4524 2284 "GET /article/article-detail/2/ HTTP/1.1" 200 67186
2019-11-01 16:13:04,603 INFO basehttp 4524 2284 "GET /article/article-list/ HTTP/1.1" 200 21806
2019-11-01 16:13:04,699 INFO basehttp 4524 2284 "GET /static/css/style.css HTTP/1.1" 304 0
2019-11-01 16:16:41,649 INFO basehttp 4524 2284 "GET /article/article-list/ HTTP/1.1" 200 21883
2019-11-01 16:16:41,733 INFO basehttp 4524 2284 "GET /static/css/style.css HTTP/1.1" 304 0
2019-11-01 16:16:42,993 INFO basehttp 4524 2284 "GET /article/article-list/ HTTP/1.1" 200 21883
2019-11-01 16:16:57,834 INFO basehttp 4524 2284 "GET /article/article-list/ HTTP/1.1" 200 21883
2019-11-01 16:17:37,670 INFO basehttp 4524 2284 "GET /article/article-list/ HTTP/1.1" 200 21883
2019-11-01 16:17:42,002 INFO basehttp 4524 2284 "GET /article/article-list/ HTTP/1.1" 200 21883
2019-11-01 16:18:20,998 INFO basehttp 4524 10168 "GET /article/article-list/ HTTP/1.1" 200 21883
2019-11-01 16:18:21,064 INFO basehttp 4524 10168 "GET /static/css/style.css HTTP/1.1" 200 13846
2019-11-01 16:18:35,334 INFO basehttp 4524 10168 "GET /article/article-list/ HTTP/1.1" 200 21883
2019-11-01 16:18:35,422 INFO basehttp 4524 10168 "GET /static/css/style.css HTTP/1.1" 200 13842
2019-11-01 16:22:30,693 INFO basehttp 4524 10168 "GET /article/article-list/ HTTP/1.1" 200 21883
2019-11-01 16:22:30,771 INFO basehttp 4524 10168 "GET /static/css/style.css HTTP/1.1" 200 13915
2019-11-01 16:23:19,673 INFO basehttp 4524 10168 "GET /article/article-list/ HTTP/1.1" 200 22324
2019-11-01 16:23:19,735 INFO basehttp 4524 10168 "GET /static/css/style.css HTTP/1.1" 304 0
2019-11-01 16:23:34,316 INFO basehttp 4524 10168 "GET /article/article-detail/1/ HTTP/1.1" 200 22880
2019-11-01 16:23:34,384 INFO basehttp 4524 10168 "GET /static/css/style.css HTTP/1.1" 304 0
2019-11-01 16:23:37,435 INFO basehttp 4524 10168 "GET /article/article-update/1/ HTTP/1.1" 200 15085
2019-11-01 16:29:14,918 INFO basehttp 4524 3996 "POST /article/article-update/1/ HTTP/1.1" 302 0
2019-11-01 16:29:15,055 INFO basehttp 4524 3996 "GET /article/article-detail/1/ HTTP/1.1" 200 22878
2019-11-01 16:29:15,161 INFO basehttp 4524 3996 "GET /static/css/style.css HTTP/1.1" 304 0
2019-11-01 16:29:21,157 INFO basehttp 4524 3996 "GET /article/article-list/ HTTP/1.1" 200 21756
2019-11-01 16:29:35,453 INFO basehttp 4524 3996 "GET /article/article-detail/4/ HTTP/1.1" 200 44511
2019-11-01 16:29:35,591 INFO basehttp 4524 3996 "GET /static/ckeditor/ckeditor/plugins/smiley/images/regular_smile.png HTTP/1.1" 200 1084
2019-11-01 16:29:40,516 INFO basehttp 4524 3996 "GET /article/article-update/4/ HTTP/1.1" 200 23026
2019-11-01 16:30:50,778 INFO basehttp 4524 3996 "POST /article/article-update/4/ HTTP/1.1" 302 0
2019-11-01 16:30:50,989 INFO basehttp 4524 3996 "GET /article/article-detail/4/ HTTP/1.1" 200 44509
2019-11-01 16:30:51,074 INFO basehttp 4524 3996 "GET /static/css/style.css HTTP/1.1" 304 0
2019-11-01 16:30:55,413 INFO basehttp 4524 3996 "GET /article/article-list/ HTTP/1.1" 200 21669
2019-11-01 16:31:04,001 INFO basehttp 4524 3996 "GET /article/article-detail/2/ HTTP/1.1" 200 67186
2019-11-01 16:31:08,385 INFO basehttp 4524 3996 "GET /article/article-update/2/ HTTP/1.1" 200 21567
2019-11-01 16:35:30,412 INFO basehttp 4524 3996 "POST /article/article-update/2/ HTTP/1.1" 302 0
2019-11-01 16:35:30,618 INFO basehttp 4524 3996 "GET /article/article-detail/2/ HTTP/1.1" 200 67184
2019-11-01 16:35:30,695 INFO basehttp 4524 3996 "GET /static/bootstrap/css/bootstrap.min.css HTTP/1.1" 304 0
2019-11-01 16:35:30,749 INFO basehttp 4524 3996 "GET /static/css/monokai.css HTTP/1.1" 304 0
2019-11-01 16:35:30,695 INFO basehttp 4524 5096 "GET /static/css/all.css HTTP/1.1" 304 0
2019-11-01 16:35:30,765 INFO basehttp 4524 13228 "GET /static/css/style.css HTTP/1.1" 304 0
2019-11-01 16:35:30,766 INFO basehttp 4524 12916 "GET /media/avatar/20191009/pic3_w3heRk6.jpg HTTP/1.1" 304 0
2019-11-01 16:35:30,768 INFO basehttp 4524 3996 "GET /static/js/popper.min.js HTTP/1.1" 304 0
2019-11-01 16:35:30,811 INFO basehttp 4524 5096 "GET /static/css/simplemde.min.css HTTP/1.1" 304 0
2019-11-01 16:35:30,823 INFO basehttp 4524 3996 "GET /static/js/simplemde.min.js HTTP/1.1" 304 0
2019-11-01 16:35:30,845 INFO basehttp 4524 8100 "GET /static/js/jquery-3.4.1.js HTTP/1.1" 304 0
2019-11-01 16:35:30,906 INFO basehttp 4524 14280 "GET /static/bootstrap/js/bootstrap.min.js HTTP/1.1" 304 0
2019-11-01 16:35:31,131 INFO basehttp 4524 14280 "GET /static/bootstrap/css/bootstrap.min.css.map HTTP/1.1" 304 0
2019-11-01 16:35:31,578 INFO basehttp 4524 14280 "GET /static/bootstrap/js/bootstrap.min.js.map HTTP/1.1" 304 0
2019-11-01 16:35:33,670 INFO basehttp 4524 14280 "GET /article/article-list/ HTTP/1.1" 200 21280
2019-11-01 16:35:57,803 INFO basehttp 4524 14280 "GET /article/article-detail/6/ HTTP/1.1" 200 41157
2019-11-01 16:35:57,883 INFO basehttp 4524 14280 "GET /static/ckeditor/ckeditor/plugins/smiley/images/shades_smile.png HTTP/1.1" 304 0
2019-11-01 16:36:18,624 INFO basehttp 4524 14280 "GET /article/article-update/6/ HTTP/1.1" 200 15563
2019-11-01 16:36:56,324 INFO basehttp 4524 14280 "POST /article/article-update/6/ HTTP/1.1" 302 0
2019-11-01 16:36:56,523 INFO basehttp 4524 14280 "GET /article/article-detail/6/ HTTP/1.1" 200 41155
2019-11-01 16:36:56,591 INFO basehttp 4524 14280 "GET /static/css/style.css HTTP/1.1" 304 0
2019-11-01 16:37:00,132 INFO basehttp 4524 14280 "GET /article/article-list/ HTTP/1.1" 200 21289
2019-11-01 17:13:03,099 INFO basehttp 4524 10868 "GET /article/article-list/ HTTP/1.1" 200 21289
2019-11-01 17:13:03,174 INFO basehttp 4524 10868 "GET /static/css/style.css HTTP/1.1" 200 13915
2019-11-01 17:13:03,366 INFO basehttp 4524 12352 "GET /static/img/read_more_arrow.png HTTP/1.1" 304 0
2019-11-01 17:13:03,392 INFO basehttp 4524 12548 "GET /static/webfonts/Lato-Bold.woff HTTP/1.1" 304 0
2019-11-01 17:13:03,471 INFO basehttp 4524 12952 "GET /static/webfonts/Lato-Regular.woff HTTP/1.1" 304 0
2019-11-01 17:13:03,488 INFO basehttp 4524 10132 "GET /static/webfonts/fa-solid-900.woff2 HTTP/1.1" 304 0
2019-11-01 17:13:03,490 INFO basehttp 4524 6784 "GET /static/webfonts/fa-brands-400.woff2 HTTP/1.1" 304 0
2019-11-01 17:13:03,592 INFO basehttp 4524 10868 "GET /static/img/home-bg-4.jpg HTTP/1.1" 200 298115
2019-11-01 17:16:37,283 INFO basehttp 4524 10868 "GET /article/article-detail/2/ HTTP/1.1" 200 67189
2019-11-01 17:16:37,360 INFO basehttp 4524 10868 "GET /static/css/style.css HTTP/1.1" 304 0
2019-11-01 17:16:37,556 INFO basehttp 4524 10868 "GET /static/img/home-bg-4.jpg HTTP/1.1" 304 0
2019-11-01 17:16:42,283 INFO basehttp 4524 10868 "GET /article/article-update/2/ HTTP/1.1" 200 21713
2019-11-01 17:18:18,333 INFO basehttp 4524 10868 "POST /article/article-update/2/ HTTP/1.1" 302 0
2019-11-01 17:18:18,500 INFO basehttp 4524 10868 "GET /article/article-detail/2/ HTTP/1.1" 200 67184
2019-11-01 17:18:18,602 INFO basehttp 4524 10868 "GET /static/css/style.css HTTP/1.1" 304 0
2019-11-01 17:18:18,755 INFO basehttp 4524 10868 "GET /static/img/home-bg-4.jpg HTTP/1.1" 304 0
2019-11-01 17:18:27,196 INFO basehttp 4524 10868 "GET /article/article-update/2/ HTTP/1.1" 200 21689
2019-11-01 17:18:44,971 INFO basehttp 4524 10868 "POST /article/article-update/2/ HTTP/1.1" 302 0
2019-11-01 17:18:45,099 INFO basehttp 4524 10868 "GET /article/article-detail/2/ HTTP/1.1" 200 67184
2019-11-01 17:19:02,493 INFO basehttp 4524 10868 "GET /article/article-list/ HTTP/1.1" 200 21259
2019-11-01 17:19:02,555 INFO basehttp 4524 10868 "GET /static/css/style.css HTTP/1.1" 304 0
2019-11-01 17:19:02,708 INFO basehttp 4524 10868 "GET /static/img/home-bg-4.jpg HTTP/1.1" 304 0
2019-11-01 17:19:19,152 INFO basehttp 4524 10868 "GET /article/article-detail/7/ HTTP/1.1" 200 24688
2019-11-01 17:19:34,084 INFO basehttp 4524 10868 "GET /article/article-update/7/ HTTP/1.1" 200 15766
2019-11-01 17:24:44,510 INFO basehttp 4524 6036 "POST /article/article-update/7/ HTTP/1.1" 302 0
2019-11-01 17:24:44,625 INFO basehttp 4524 6036 "GET /article/article-detail/7/ HTTP/1.1" 200 24693
2019-11-01 17:24:44,739 INFO basehttp 4524 6036 "GET /static/css/style.css HTTP/1.1" 304 0
2019-11-01 17:24:44,971 INFO basehttp 4524 6036 "GET /static/img/home-bg-4.jpg HTTP/1.1" 304 0
2019-11-01 17:24:48,039 INFO basehttp 4524 6036 "GET /article/article-list/ HTTP/1.1" 200 21351
2019-11-01 17:25:09,013 INFO basehttp 4524 6036 "GET /article/article-detail/8/ HTTP/1.1" 200 21244
2019-11-01 17:25:20,008 INFO basehttp 4524 6036 "GET /article/article-list/ HTTP/1.1" 200 21351
2019-11-01 17:35:26,325 INFO basehttp 4524 7788 "GET /article/article-list/ HTTP/1.1" 200 21582
2019-11-01 17:35:26,417 INFO basehttp 4524 7788 "GET /static/css/style.css HTTP/1.1" 304 0
2019-11-01 17:35:26,758 INFO basehttp 4524 7788 "GET /static/img/home-bg-4.jpg HTTP/1.1" 304 0
2019-11-01 17:36:29,106 INFO basehttp 4524 7788 "GET /article/article-list/ HTTP/1.1" 200 21876
2019-11-01 17:45:59,526 INFO basehttp 4524 8768 "GET /article/article-list/ HTTP/1.1" 200 21344
2019-11-01 17:45:59,591 INFO basehttp 4524 8768 "GET /static/css/style.css HTTP/1.1" 304 0
2019-11-01 17:45:59,758 INFO basehttp 4524 8768 "GET /static/img/home-bg-4.jpg HTTP/1.1" 304 0
2019-11-01 17:46:28,486 INFO basehttp 4524 8188 "GET /article/article-list/ HTTP/1.1" 200 21414
2019-11-01 17:47:26,845 INFO basehttp 4524 8188 "GET /article/article-list/ HTTP/1.1" 200 19976
2019-11-01 17:47:41,997 INFO basehttp 4524 8188 "GET /article/article-list/ HTTP/1.1" 200 19962
2019-11-01 17:56:20,915 INFO basehttp 4524 11132 "GET /article/article-list/ HTTP/1.1" 200 19829
2019-11-01 17:56:20,964 INFO basehttp 4524 11132 "GET /static/css/style.css HTTP/1.1" 304 0
2019-11-01 17:56:21,176 INFO basehttp 4524 11132 "GET /static/img/home-bg-4.jpg HTTP/1.1" 304 0
2019-11-01 17:57:03,022 INFO basehttp 4524 11132 "GET /article/article-list/ HTTP/1.1" 200 19262
2019-11-01 17:58:51,746 INFO basehttp 4524 11132 "GET /article/article-list/ HTTP/1.1" 200 19262
2019-11-01 18:00:09,149 INFO basehttp 4524 11132 "GET /article/article-list/ HTTP/1.1" 200 19286
2019-11-01 18:00:52,663 INFO basehttp 4524 11132 "GET /article/article-list/ HTTP/1.1" 200 19433
2019-11-01 18:00:52,735 INFO basehttp 4524 11132 "GET /static/css/style.css HTTP/1.1" 304 0
2019-11-01 18:00:52,907 INFO basehttp 4524 11132 "GET /static/img/home-bg-4.jpg HTTP/1.1" 304 0
2019-11-01 18:02:15,060 INFO basehttp 4524 11132 "GET /article/article-list/ HTTP/1.1" 200 19457
2019-11-01 18:03:17,879 INFO basehttp 4524 11132 "GET /article/article-list/ HTTP/1.1" 200 19273
2019-11-01 18:05:35,884 INFO basehttp 4524 11132 "GET /article/article-list/ HTTP/1.1" 200 19476
2019-11-01 18:06:10,661 INFO basehttp 4524 11132 "GET /article/article-list/ HTTP/1.1" 200 19476
2019-11-01 18:06:10,716 INFO basehttp 4524 11132 "GET /static/css/style.css HTTP/1.1" 200 13914
2019-11-01 18:06:10,861 INFO basehttp 4524 11132 "GET /static/img/home-bg-4.jpg HTTP/1.1" 304 0
2019-11-01 18:07:46,755 INFO basehttp 4524 11132 "GET /article/article-list/ HTTP/1.1" 200 19476
2019-11-01 18:07:46,938 INFO basehttp 4524 11132 "GET /static/css/style.css HTTP/1.1" 304 0
2019-11-01 18:08:28,872 INFO basehttp 4524 11132 "GET /article/article-list/ HTTP/1.1" 200 19476
2019-11-01 18:08:28,945 INFO basehttp 4524 11132 "GET /static/css/style.css HTTP/1.1" 200 13913
2019-11-01 18:08:47,542 INFO basehttp 4524 11132 "GET /article/article-list/ HTTP/1.1" 200 19476
2019-11-01 18:08:47,620 INFO basehttp 4524 11132 "GET /static/css/style.css HTTP/1.1" 200 13915
2019-11-01 18:08:59,216 INFO basehttp 4524 11132 "GET /article/article-list/ HTTP/1.1" 200 19476
2019-11-01 18:08:59,319 INFO basehttp 4524 11132 "GET /static/css/style.css HTTP/1.1" 200 13915
2019-11-01 18:09:54,543 INFO basehttp 4524 11132 "GET /article/article-list/ HTTP/1.1" 200 18846
2019-11-01 18:09:54,606 INFO basehttp 4524 11132 "GET /static/css/style.css HTTP/1.1" 304 0
2019-11-01 18:10:16,457 INFO basehttp 4524 11132 "GET /article/article-list/ HTTP/1.1" 200 18916
2019-11-01 18:10:16,517 INFO basehttp 4524 11132 "GET /static/css/style.css HTTP/1.1" 304 0
2019-11-01 18:12:00,085 INFO basehttp 4524 11132 "GET /article/article-list/ HTTP/1.1" 200 18714
2019-11-01 18:12:00,155 INFO basehttp 4524 11132 "GET /static/css/style.css HTTP/1.1" 304 0
2019-11-01 18:12:00,295 INFO basehttp 4524 11132 "GET /static/img/home-bg-4.jpg HTTP/1.1" 304 0
2019-11-01 18:14:01,156 INFO basehttp 4524 11132 "GET /article/article-list/ HTTP/1.1" 200 18748
2019-11-01 18:14:01,224 INFO basehttp 4524 11132 "GET /static/css/style.css HTTP/1.1" 304 0
2019-11-01 18:16:42,926 INFO basehttp 4524 11132 "GET /article/article-list/ HTTP/1.1" 200 18846
2019-11-01 18:16:43,003 INFO basehttp 4524 11132 "GET /static/css/style.css HTTP/1.1" 304 0
2019-11-01 18:17:27,653 INFO basehttp 4524 11132 "GET /article/article-list/ HTTP/1.1" 200 18846
2019-11-01 18:17:47,075 INFO basehttp 4524 11132 "GET /article/article-list/ HTTP/1.1" 200 18846
2019-11-01 18:17:47,143 INFO basehttp 4524 11132 "GET /static/css/style.css HTTP/1.1" 200 13916
2019-11-01 18:19:22,206 INFO basehttp 4524 11132 "GET /static/css/style.css HTTP/1.1" 304 0
2019-11-01 18:26:29,909 INFO basehttp 4524 13880 "GET /article/article-list/ HTTP/1.1" 200 20061
2019-11-01 18:26:29,962 INFO basehttp 4524 13880 "GET /static/css/style.css HTTP/1.1" 304 0
2019-11-01 18:26:30,152 INFO basehttp 4524 13880 "GET /static/img/home-bg-4.jpg HTTP/1.1" 304 0
2019-11-01 18:27:44,847 INFO basehttp 4524 13880 "GET /article/article-list/ HTTP/1.1" 200 20068
2019-11-01 18:27:44,910 INFO basehttp 4524 13880 "GET /static/css/style.css HTTP/1.1" 304 0
2019-11-01 18:28:03,953 INFO basehttp 4524 13880 "GET /article/article-list/ HTTP/1.1" 200 20073
2019-11-01 18:28:21,887 INFO basehttp 4524 13880 "GET /article/article-list/ HTTP/1.1" 200 20073
2019-11-01 18:28:30,458 INFO basehttp 4524 13880 "GET /article/article-list/ HTTP/1.1" 200 20073
2019-11-01 18:28:37,489 INFO basehttp 4524 13880 "GET /article/article-list/ HTTP/1.1" 200 20073
2019-11-01 18:31:49,562 INFO basehttp 4524 13880 "GET /article/article-list/ HTTP/1.1" 200 20086
2019-11-01 18:31:49,625 INFO basehttp 4524 13880 "GET /static/css/style.css HTTP/1.1" 304 0
2019-11-01 18:31:58,271 INFO basehttp 4524 13880 "GET /article/article-list/ HTTP/1.1" 200 20088
2019-11-01 18:32:23,905 INFO basehttp 4524 13880 "GET /article/article-list/ HTTP/1.1" 200 20090
2019-11-01 18:32:23,988 INFO basehttp 4524 13880 "GET /static/js/blog-js.js HTTP/1.1" 304 0
